<?xml version="1.0" encoding="UTF-8"?>
<testsuite xmlns:xsi="http://www.w3.org/2001/XMLSchema-instance" xsi:noNamespaceSchemaLocation="https://maven.apache.org/surefire/maven-surefire-plugin/xsd/surefire-test-report-3.0.xsd" version="3.0" name="com.sachit.credentials.registration.CredentialsRegistrationApplicationTests" time="9.89" tests="1" errors="0" skipped="0" failures="0">
  <properties>
[...]
</properties>
  <testcase name="contextLoads" classname="com.sachit.credentials.registration.CredentialsRegistrationApplicationTests" time="0.006">
    <system-out><![CDATA[2024-11-25T23:16:43.354+01:00  INFO 26056 --- [CredentialsRegistration] [           main] t.c.s.AnnotationConfigContextLoaderUtils : Could not detect default configuration classes for test class [com.sachit.credentials.registration.CredentialsRegistrationApplicationTests]: CredentialsRegistrationApplicationTests does not declare any static, non-private, non-final, nested classes annotated with @Configuration.
2024-11-25T23:16:43.368+01:00  INFO 26056 --- [CredentialsRegistration] [           main] .b.t.c.SpringBootTestContextBootstrapper : Found @SpringBootConfiguration com.sachit.credentials.registration.CredentialsRegistrationApplication for test class com.sachit.credentials.registration.CredentialsRegistrationApplicationTests

  .   ____          _            __ _ _
 /\\ / ___'_ __ _ _(_)_ __  __ _ \ \ \ \
( ( )\___ | '_ | '_| | '_ \/ _` | \ \ \ \
 \\/  ___)| |_)| | | | | || (_| |  ) ) ) )
  '  |____| .__|_| |_|_| |_\__, | / / / /
 =========|_|==============|___/=/_/_/_/

 :: Spring Boot ::                (v3.3.5)

2024-11-25T23:16:43.415+01:00  INFO 26056 --- [CredentialsRegistration] [           main] .CredentialsRegistrationApplicationTests : Starting CredentialsRegistrationApplicationTests using Java 21.0.5 with PID 26056 (started by sachi in C:\Users\sachi\IdeaProjects\CredentialsRegistration)
2024-11-25T23:16:43.415+01:00  INFO 26056 --- [CredentialsRegistration] [           main] .CredentialsRegistrationApplicationTests : No active profile set, falling back to 1 default profile: "default"
2024-11-25T23:16:44.226+01:00  INFO 26056 --- [CredentialsRegistration] [           main] .s.d.r.c.RepositoryConfigurationDelegate : Bootstrapping Spring Data JPA repositories in DEFAULT mode.
2024-11-25T23:16:44.411+01:00  INFO 26056 --- [CredentialsRegistration] [           main] .s.d.r.c.RepositoryConfigurationDelegate : Finished Spring Data repository scanning in 158 ms. Found 4 JPA repository interfaces.
2024-11-25T23:16:45.141+01:00  INFO 26056 --- [CredentialsRegistration] [           main] com.zaxxer.hikari.HikariDataSource       : HikariPool-1 - Starting...
2024-11-25T23:16:45.840+01:00  INFO 26056 --- [CredentialsRegistration] [           main] com.zaxxer.hikari.pool.HikariPool        : HikariPool-1 - Added connection org.postgresql.jdbc.PgConnection@273e622f
2024-11-25T23:16:45.840+01:00  INFO 26056 --- [CredentialsRegistration] [           main] com.zaxxer.hikari.HikariDataSource       : HikariPool-1 - Start completed.
2024-11-25T23:16:46.604+01:00  INFO 26056 --- [CredentialsRegistration] [           main] liquibase.database                       : Set default schema name to public
2024-11-25T23:16:47.456+01:00  INFO 26056 --- [CredentialsRegistration] [           main] liquibase.changelog                      : Reading resource: db/changelog/changes/001_create_table_user_16_11_2024.yaml
2024-11-25T23:16:47.488+01:00  INFO 26056 --- [CredentialsRegistration] [           main] liquibase.changelog                      : Reading resource: db/changelog/changes/002_create_table_organization_16_11_2024.yaml
2024-11-25T23:16:47.488+01:00  INFO 26056 --- [CredentialsRegistration] [           main] liquibase.changelog                      : Reading resource: db/changelog/changes/003_create_table_credentials_16_11_2024.yaml
2024-11-25T23:16:47.503+01:00  INFO 26056 --- [CredentialsRegistration] [           main] liquibase.changelog                      : Reading resource: db/changelog/changes/004_create_table_org_user_mapping.yaml
2024-11-25T23:16:47.507+01:00  INFO 26056 --- [CredentialsRegistration] [           main] liquibase.changelog                      : Reading resource: db/changelog/changes/005_insert_table_organization_23_11_2024.yaml
2024-11-25T23:16:47.655+01:00  INFO 26056 --- [CredentialsRegistration] [           main] liquibase.changelog                      : Creating database history table with name: public.databasechangelog
2024-11-25T23:16:47.838+01:00  INFO 26056 --- [CredentialsRegistration] [           main] liquibase.changelog                      : Reading from public.databasechangelog
2024-11-25T23:16:48.109+01:00  INFO 26056 --- [CredentialsRegistration] [           main] liquibase.lockservice                    : Successfully acquired change log lock
2024-11-25T23:16:48.113+01:00  INFO 26056 --- [CredentialsRegistration] [           main] liquibase.command                        : Using deploymentId: 2573008112
2024-11-25T23:16:48.119+01:00  INFO 26056 --- [CredentialsRegistration] [           main] liquibase.changelog                      : Reading from public.databasechangelog
2024-11-25T23:16:48.204+01:00  INFO 26056 --- [CredentialsRegistration] [           main] liquibase.ui                             : Running Changeset: db/changelog/changes/001_create_table_user_16_11_2024.yaml::create-table-user::sachittiwari
2024-11-25T23:16:48.233+01:00  INFO 26056 --- [CredentialsRegistration] [           main] liquibase.changelog                      : Table USERS created
2024-11-25T23:16:48.249+01:00  INFO 26056 --- [CredentialsRegistration] [           main] liquibase.changelog                      : ChangeSet db/changelog/changes/001_create_table_user_16_11_2024.yaml::create-table-user::sachittiwari ran successfully in 38ms
2024-11-25T23:16:48.264+01:00  INFO 26056 --- [CredentialsRegistration] [           main] liquibase.ui                             : Running Changeset: db/changelog/changes/002_create_table_organization_16_11_2024.yaml::create-table-organization::sachittiwari
2024-11-25T23:16:48.276+01:00  INFO 26056 --- [CredentialsRegistration] [           main] liquibase.changelog                      : Table ORGANIZATION created
2024-11-25T23:16:48.280+01:00  INFO 26056 --- [CredentialsRegistration] [           main] liquibase.changelog                      : ChangeSet db/changelog/changes/002_create_table_organization_16_11_2024.yaml::create-table-organization::sachittiwari ran successfully in 16ms
2024-11-25T23:16:48.291+01:00  INFO 26056 --- [CredentialsRegistration] [           main] liquibase.ui                             : Running Changeset: db/changelog/changes/003_create_table_credentials_16_11_2024.yaml::create-table-credentials::sachittiwari
2024-11-25T23:16:48.302+01:00  INFO 26056 --- [CredentialsRegistration] [           main] liquibase.changelog                      : Table CREDENTIALS created
2024-11-25T23:16:48.310+01:00  INFO 26056 --- [CredentialsRegistration] [           main] liquibase.changelog                      : Foreign key constraint added to CREDENTIALS (ORGANIZATION_ID)
2024-11-25T23:16:48.314+01:00  INFO 26056 --- [CredentialsRegistration] [           main] liquibase.changelog                      : Foreign key constraint added to CREDENTIALS (USER_ID)
2024-11-25T23:16:48.317+01:00  INFO 26056 --- [CredentialsRegistration] [           main] liquibase.changelog                      : ChangeSet db/changelog/changes/003_create_table_credentials_16_11_2024.yaml::create-table-credentials::sachittiwari ran successfully in 26ms
2024-11-25T23:16:48.328+01:00  INFO 26056 --- [CredentialsRegistration] [           main] liquibase.ui                             : Running Changeset: db/changelog/changes/004_create_table_org_user_mapping.yaml::create-table-org-user-mapping::sachittiwari
2024-11-25T23:16:48.339+01:00  INFO 26056 --- [CredentialsRegistration] [           main] liquibase.changelog                      : Table USER_ORGANIZATION_MAPPING created
2024-11-25T23:16:48.343+01:00  INFO 26056 --- [CredentialsRegistration] [           main] liquibase.changelog                      : Foreign key constraint added to USER_ORGANIZATION_MAPPING (ORGANIZATION_ID)
2024-11-25T23:16:48.346+01:00  INFO 26056 --- [CredentialsRegistration] [           main] liquibase.changelog                      : Foreign key constraint added to USER_ORGANIZATION_MAPPING (USER_ID)
2024-11-25T23:16:48.350+01:00  INFO 26056 --- [CredentialsRegistration] [           main] liquibase.changelog                      : ChangeSet db/changelog/changes/004_create_table_org_user_mapping.yaml::create-table-org-user-mapping::sachittiwari ran successfully in 22ms
2024-11-25T23:16:48.359+01:00  INFO 26056 --- [CredentialsRegistration] [           main] liquibase.ui                             : Running Changeset: db/changelog/changes/005_insert_table_organization_23_11_2024.yaml::insert-table-organization-real-madrid::sachittiwari
2024-11-25T23:16:48.365+01:00  INFO 26056 --- [CredentialsRegistration] [           main] liquibase.changelog                      : New row inserted into ORGANIZATION
2024-11-25T23:16:48.369+01:00  INFO 26056 --- [CredentialsRegistration] [           main] liquibase.changelog                      : ChangeSet db/changelog/changes/005_insert_table_organization_23_11_2024.yaml::insert-table-organization-real-madrid::sachittiwari ran successfully in 10ms
2024-11-25T23:16:48.377+01:00  INFO 26056 --- [CredentialsRegistration] [           main] liquibase.ui                             : Running Changeset: db/changelog/changes/005_insert_table_organization_23_11_2024.yaml::insert-table-organization-barcelona::sachittiwari
2024-11-25T23:16:48.383+01:00  INFO 26056 --- [CredentialsRegistration] [           main] liquibase.changelog                      : New row inserted into ORGANIZATION
2024-11-25T23:16:48.386+01:00  INFO 26056 --- [CredentialsRegistration] [           main] liquibase.changelog                      : ChangeSet db/changelog/changes/005_insert_table_organization_23_11_2024.yaml::insert-table-organization-barcelona::sachittiwari ran successfully in 8ms
2024-11-25T23:16:48.413+01:00  INFO 26056 --- [CredentialsRegistration] [           main] liquibase.util                           : UPDATE SUMMARY
2024-11-25T23:16:48.413+01:00  INFO 26056 --- [CredentialsRegistration] [           main] liquibase.util                           : Run:                          6
2024-11-25T23:16:48.413+01:00  INFO 26056 --- [CredentialsRegistration] [           main] liquibase.util                           : Previously run:               0
2024-11-25T23:16:48.413+01:00  INFO 26056 --- [CredentialsRegistration] [           main] liquibase.util                           : Filtered out:                 0
2024-11-25T23:16:48.413+01:00  INFO 26056 --- [CredentialsRegistration] [           main] liquibase.util                           : -------------------------------
2024-11-25T23:16:48.413+01:00  INFO 26056 --- [CredentialsRegistration] [           main] liquibase.util                           : Total change sets:            6
2024-11-25T23:16:48.418+01:00  INFO 26056 --- [CredentialsRegistration] [           main] liquibase.util                           : Update summary generated
2024-11-25T23:16:48.437+01:00  INFO 26056 --- [CredentialsRegistration] [           main] liquibase.command                        : Update command completed successfully.
2024-11-25T23:16:48.437+01:00  INFO 26056 --- [CredentialsRegistration] [           main] liquibase.ui                             : Liquibase: Update has been successful. Rows affected: 8
2024-11-25T23:16:48.446+01:00  INFO 26056 --- [CredentialsRegistration] [           main] liquibase.lockservice                    : Successfully released change log lock
2024-11-25T23:16:48.449+01:00  INFO 26056 --- [CredentialsRegistration] [           main] liquibase.command                        : Command execution complete
2024-11-25T23:16:48.754+01:00  INFO 26056 --- [CredentialsRegistration] [           main] o.hibernate.jpa.internal.util.LogHelper  : HHH000204: Processing PersistenceUnitInfo [name: default]
2024-11-25T23:16:48.944+01:00  INFO 26056 --- [CredentialsRegistration] [           main] org.hibernate.Version                    : HHH000412: Hibernate ORM core version 6.5.3.Final
2024-11-25T23:16:49.070+01:00  INFO 26056 --- [CredentialsRegistration] [           main] o.h.c.internal.RegionFactoryInitiator    : HHH000026: Second-level cache disabled
2024-11-25T23:16:49.693+01:00  INFO 26056 --- [CredentialsRegistration] [           main] o.s.o.j.p.SpringPersistenceUnitInfo      : No LoadTimeWeaver setup: ignoring JPA class transformer
2024-11-25T23:16:51.080+01:00  INFO 26056 --- [CredentialsRegistration] [           main] o.h.e.t.j.p.i.JtaPlatformInitiator       : HHH000489: No JTA platform available (set 'hibernate.transaction.jta.platform' to enable JTA platform integration)
2024-11-25T23:16:51.096+01:00  INFO 26056 --- [CredentialsRegistration] [           main] j.LocalContainerEntityManagerFactoryBean : Initialized JPA EntityManagerFactory for persistence unit 'default'
2024-11-25T23:16:52.601+01:00  WARN 26056 --- [CredentialsRegistration] [           main] JpaBaseConfiguration$JpaWebConfiguration : spring.jpa.open-in-view is enabled by default. Therefore, database queries may be performed during view rendering. Explicitly configure spring.jpa.open-in-view to disable this warning
2024-11-25T23:16:53.231+01:00  INFO 26056 --- [CredentialsRegistration] [           main] .CredentialsRegistrationApplicationTests : Started CredentialsRegistrationApplicationTests in 9.852 seconds (process running for 23.187)
]]></system-out>
  </testcase>
</testsuite>